<?xml version="1.0" encoding="UTF-8"?>
<robot generator="Robot 6.1.1 (Python 3.9.7 on win32)" generated="20240517 07:33:00.278" rpa="false" schemaversion="4">
<suite id="s1" name="TC Post Method" source="d:\Dev_Progs\python\Robot_frm\TC_Post_Method.robot">
<test id="s1-t1" name="TC_for_postmethod" line="10">
<kw name="Create Session" library="RequestsLibrary">
<arg>mysession</arg>
<arg>${base_url}</arg>
<doc>Create Session: create a HTTP session to a server</doc>
<msg timestamp="20240517 07:33:02.189" level="INFO">Creating Session using : alias=mysession, url== https://reqres.in, headers={},                     cookies={}, auth=None, timeout=None, proxies=None, verify=False,                     debug=0 </msg>
<status status="PASS" starttime="20240517 07:33:02.187" endtime="20240517 07:33:02.219"/>
</kw>
<kw name="Set Variable" library="BuiltIn">
<var>${endpoint}</var>
<arg>/api/users</arg>
<doc>Returns the given values which can then be assigned to a variables.</doc>
<msg timestamp="20240517 07:33:02.223" level="INFO">${endpoint} = /api/users</msg>
<status status="PASS" starttime="20240517 07:33:02.221" endtime="20240517 07:33:02.224"/>
</kw>
<kw name="Create Dictionary" library="BuiltIn">
<var>${body}</var>
<arg>name=sankar job=QA Engineer</arg>
<doc>Creates and returns a dictionary based on the given ``items``.</doc>
<msg timestamp="20240517 07:33:02.227" level="INFO">${body} = {'name': 'sankar job=QA Engineer'}</msg>
<status status="PASS" starttime="20240517 07:33:02.226" endtime="20240517 07:33:02.228"/>
</kw>
<kw name="POST On Session" library="RequestsLibrary">
<var>${response}</var>
<arg>mysession</arg>
<arg>${endpoint}</arg>
<arg>data=${body}</arg>
<doc>Sends a POST request on a previously created HTTP Session.</doc>
<msg timestamp="20240517 07:33:02.272" level="FAIL">InvalidSchema: No connection adapters were found for '= https:/reqres.in/api/users'</msg>
<status status="FAIL" starttime="20240517 07:33:02.234" endtime="20240517 07:33:02.484"/>
</kw>
<kw name="Log To Console" library="BuiltIn">
<arg>${response.status_code}</arg>
<doc>Logs the given message to the console.</doc>
<status status="NOT RUN" starttime="20240517 07:33:02.486" endtime="20240517 07:33:02.486"/>
</kw>
<kw name="Log To Console" library="BuiltIn">
<arg>${response.contents}</arg>
<doc>Logs the given message to the console.</doc>
<status status="NOT RUN" starttime="20240517 07:33:02.487" endtime="20240517 07:33:02.488"/>
</kw>
<kw name="Convert To String" library="BuiltIn">
<var>${status_code}</var>
<arg>${response.status_code}</arg>
<doc>Converts the given item to a Unicode string.</doc>
<status status="NOT RUN" starttime="20240517 07:33:02.491" endtime="20240517 07:33:02.492"/>
</kw>
<kw name="Should Be Equal" library="BuiltIn">
<arg>${response.status_code} 201</arg>
<doc>Fails if the given objects are unequal.</doc>
<status status="NOT RUN" starttime="20240517 07:33:02.494" endtime="20240517 07:33:02.495"/>
</kw>
<status status="FAIL" starttime="20240517 07:33:02.186" endtime="20240517 07:33:02.501">InvalidSchema: No connection adapters were found for '= https:/reqres.in/api/users'</status>
</test>
<status status="FAIL" starttime="20240517 07:33:00.322" endtime="20240517 07:33:02.504"/>
</suite>
<statistics>
<total>
<stat pass="0" fail="1" skip="0">All Tests</stat>
</total>
<tag>
</tag>
<suite>
<stat pass="0" fail="1" skip="0" id="s1" name="TC Post Method">TC Post Method</stat>
</suite>
</statistics>
<errors>
</errors>
</robot>
