<?xml version="1.0" encoding="UTF-8"?>
<robot generator="Robot 6.1.1 (Python 3.9.11 on win32)" generated="20250106 08:46:09.248" rpa="false" schemaversion="4">
<suite id="s1" name="Tc1" source="d:\Dev_Progs\python\Robot_frm\tc1.robot">
<test id="s1-t1" name="ListBox" line="20">
<kw name="Open Browser" library="SeleniumLibrary">
<arg>${url}</arg>
<arg>${browser}</arg>
<doc>Opens a new browser instance to the optional ``url``.</doc>
<msg timestamp="20250106 08:46:09.682" level="INFO">Opening browser 'chrome' to base url 'https://opensource-demo.orangehrmlive.com/web/index.php/auth/login'.</msg>
<status status="PASS" starttime="20250106 08:46:09.682" endtime="20250106 08:46:32.155"/>
</kw>
<kw name="Maximize Browser Window" library="SeleniumLibrary">
<doc>Maximizes current browser window.</doc>
<status status="PASS" starttime="20250106 08:46:32.161" endtime="20250106 08:46:32.220"/>
</kw>
<kw name="Sleep" library="BuiltIn">
<arg>3</arg>
<doc>Pauses the test executed for the given time.</doc>
<msg timestamp="20250106 08:46:35.231" level="INFO">Slept 3 seconds</msg>
<status status="PASS" starttime="20250106 08:46:32.220" endtime="20250106 08:46:35.231"/>
</kw>
<kw name="Input Text" library="SeleniumLibrary">
<arg>name:username</arg>
<arg>Admin</arg>
<doc>Types the given ``text`` into the text field identified by ``locator``.</doc>
<msg timestamp="20250106 08:46:35.236" level="INFO">Typing text 'Admin' into text field 'name:username'.</msg>
<status status="PASS" starttime="20250106 08:46:35.234" endtime="20250106 08:46:35.551"/>
</kw>
<kw name="Sleep" library="BuiltIn">
<arg>3</arg>
<doc>Pauses the test executed for the given time.</doc>
<msg timestamp="20250106 08:46:38.567" level="INFO">Slept 3 seconds</msg>
<status status="PASS" starttime="20250106 08:46:35.554" endtime="20250106 08:46:38.567"/>
</kw>
<kw name="Input Text" library="SeleniumLibrary">
<arg>name:password</arg>
<arg>admin123</arg>
<doc>Types the given ``text`` into the text field identified by ``locator``.</doc>
<msg timestamp="20250106 08:46:38.571" level="INFO">Typing text 'admin123' into text field 'name:password'.</msg>
<status status="PASS" starttime="20250106 08:46:38.567" endtime="20250106 08:46:38.881"/>
</kw>
<kw name="Click Element" library="SeleniumLibrary">
<arg>xpath://button[@type='submit']</arg>
<doc>Click the element identified by ``locator``.</doc>
<msg timestamp="20250106 08:46:38.885" level="INFO">Clicking element 'xpath://button[@type='submit']'.</msg>
<status status="PASS" starttime="20250106 08:46:38.883" endtime="20250106 08:46:40.298"/>
</kw>
<status status="PASS" starttime="20250106 08:46:09.671" endtime="20250106 08:46:40.301"/>
</test>
<status status="PASS" starttime="20250106 08:46:09.253" endtime="20250106 08:46:40.309"/>
</suite>
<statistics>
<total>
<stat pass="1" fail="0" skip="0">All Tests</stat>
</total>
<tag>
</tag>
<suite>
<stat pass="1" fail="0" skip="0" id="s1" name="Tc1">Tc1</stat>
</suite>
</statistics>
<errors>
</errors>
</robot>
