<?xml version="1.0" encoding="UTF-8"?>
<robot generator="Robot 5.0.1 (Python 3.9.13 on win32)" generated="20230514 07:18:50.841" rpa="false" schemaversion="3">
<suite id="s1" name="Tc1" source="D:\Dev_Progs\python\Robot_frm\tc1.robot">
<test id="s1-t1" name="LoginTest" line="10">
<kw name="Create Webdriver" library="SeleniumLibrary">
<arg>chrome</arg>
<arg>executable_path="C:\\work\\chromedriver.exe"</arg>
<doc>Creates an instance of Selenium WebDriver.</doc>
<msg timestamp="20230514 07:18:51.132" level="INFO">Creating an instance of the chrome WebDriver.</msg>
<msg timestamp="20230514 07:18:51.132" level="INFO">Cannot capture screenshot because no browser is open.</msg>
<msg timestamp="20230514 07:18:51.132" level="FAIL">TypeError: 'module' object is not callable</msg>
<status status="FAIL" starttime="20230514 07:18:51.132" endtime="20230514 07:18:51.132"/>
</kw>
<kw name="Open Browser" library="SeleniumLibrary">
<arg>${url}</arg>
<arg>${browser}</arg>
<doc>Opens a new browser instance to the optional ``url``.</doc>
<status status="NOT RUN" starttime="20230514 07:18:51.132" endtime="20230514 07:18:51.132"/>
</kw>
<kw name="Maximize Browser Window" library="SeleniumLibrary">
<doc>Maximizes current browser window.</doc>
<status status="NOT RUN" starttime="20230514 07:18:51.132" endtime="20230514 07:18:51.132"/>
</kw>
<kw name="Sleep" library="BuiltIn">
<arg>3</arg>
<doc>Pauses the test executed for the given time.</doc>
<status status="NOT RUN" starttime="20230514 07:18:51.132" endtime="20230514 07:18:51.132"/>
</kw>
<kw name="Input Text" library="SeleniumLibrary">
<arg>name:username</arg>
<arg>Admin</arg>
<doc>Types the given ``text`` into the text field identified by ``locator``.</doc>
<status status="NOT RUN" starttime="20230514 07:18:51.132" endtime="20230514 07:18:51.132"/>
</kw>
<kw name="Sleep" library="BuiltIn">
<arg>3</arg>
<doc>Pauses the test executed for the given time.</doc>
<status status="NOT RUN" starttime="20230514 07:18:51.132" endtime="20230514 07:18:51.132"/>
</kw>
<kw name="Input Text" library="SeleniumLibrary">
<arg>name:password</arg>
<arg>admin123</arg>
<doc>Types the given ``text`` into the text field identified by ``locator``.</doc>
<status status="NOT RUN" starttime="20230514 07:18:51.132" endtime="20230514 07:18:51.132"/>
</kw>
<kw name="Click Element" library="SeleniumLibrary">
<arg>xpath://button[@type='submit']</arg>
<doc>Click the element identified by ``locator``.</doc>
<status status="NOT RUN" starttime="20230514 07:18:51.132" endtime="20230514 07:18:51.132"/>
</kw>
<status status="FAIL" starttime="20230514 07:18:51.132" endtime="20230514 07:18:51.132">TypeError: 'module' object is not callable</status>
</test>
<status status="FAIL" starttime="20230514 07:18:50.857" endtime="20230514 07:18:51.132"/>
</suite>
<statistics>
<total>
<stat pass="0" fail="1" skip="0">All Tests</stat>
</total>
<tag>
</tag>
<suite>
<stat pass="0" fail="1" skip="0" id="s1" name="Tc1">Tc1</stat>
</suite>
</statistics>
<errors>
</errors>
</robot>
