<?xml version="1.0" encoding="UTF-8"?>
<robot generator="Robot 5.1a3.dev1 (Python 3.9.10 on win32)" generated="20221022 20:20:38.086" rpa="false" schemaversion="3">
<suite id="s1" name="TC1" source="D:\demo\Robot_selenium_practice\TC1.robot">
<test id="s1-t1" name="LoginTest" line="9">
<kw name="Open Browser" library="SeleniumLibrary">
<arg>${url}</arg>
<arg>${browser}</arg>
<doc>Opens a new browser instance to the optional ``url``.</doc>
<msg timestamp="20221022 20:20:38.351" level="INFO">Opening browser 'chrome' to base url 'https://rahulshettyacademy.com/AutomationPractice/'.</msg>
<status status="PASS" starttime="20221022 20:20:38.351" endtime="20221022 20:20:43.176"/>
</kw>
<kw name="Maximize Browser Window" library="SeleniumLibrary">
<doc>Maximizes current browser window.</doc>
<status status="PASS" starttime="20221022 20:20:43.176" endtime="20221022 20:20:43.463"/>
</kw>
<kw name="Set Selenium Speed" library="SeleniumLibrary">
<arg>3</arg>
<doc>Sets the delay that is waited after each Selenium command.</doc>
<status status="PASS" starttime="20221022 20:20:43.464" endtime="20221022 20:20:43.464"/>
</kw>
<kw name="LoginToApplication">
<kw name="Click Element" library="SeleniumLibrary">
<arg>xpath://input[@id='checkBoxOption1']</arg>
<doc>Click the element identified by ``locator``.</doc>
<msg timestamp="20221022 20:20:43.467" level="INFO">Clicking element 'xpath://input[@id='checkBoxOption1']'.</msg>
<status status="PASS" starttime="20221022 20:20:43.466" endtime="20221022 20:20:49.555"/>
</kw>
<kw name="Input Text" library="SeleniumLibrary">
<arg>xpath://input[@id='name']</arg>
<arg>Devendra</arg>
<doc>Types the given ``text`` into the text field identified by ``locator``.</doc>
<msg timestamp="20221022 20:20:49.556" level="INFO">Typing text 'Devendra' into text field 'xpath://input[@id='name']'.</msg>
<status status="PASS" starttime="20221022 20:20:49.555" endtime="20221022 20:20:58.675"/>
</kw>
<kw name="Select Checkbox" library="SeleniumLibrary">
<arg>checkBoxOption2</arg>
<doc>Selects the checkbox identified by ``locator``.</doc>
<msg timestamp="20221022 20:20:58.675" level="INFO">Selecting checkbox 'checkBoxOption2'.</msg>
<status status="PASS" starttime="20221022 20:20:58.675" endtime="20221022 20:21:10.756"/>
</kw>
<kw name="Select From List By Label" library="SeleniumLibrary">
<arg>dropdown-class-example</arg>
<arg>Option1</arg>
<doc>Selects options from selection list ``locator`` by ``labels``.</doc>
<msg timestamp="20221022 20:21:10.756" level="INFO">Selecting options from selection list 'dropdown-class-example' by label Option1.</msg>
<status status="PASS" starttime="20221022 20:21:10.756" endtime="20221022 20:21:28.932"/>
</kw>
<kw name="Select From List By Index" library="SeleniumLibrary">
<arg>dropdown-class-example</arg>
<arg>3</arg>
<doc>Selects options from selection list ``locator`` by ``indexes``.</doc>
<msg timestamp="20221022 20:21:28.933" level="INFO">Selecting options from selection list 'dropdown-class-example' by index 3.</msg>
<status status="PASS" starttime="20221022 20:21:28.932" endtime="20221022 20:21:59.177"/>
</kw>
<status status="PASS" starttime="20221022 20:20:43.465" endtime="20221022 20:21:59.177"/>
</kw>
<kw name="Click Element" library="SeleniumLibrary">
<arg>xpath://input[@value='radio1']</arg>
<doc>Click the element identified by ``locator``.</doc>
<msg timestamp="20221022 20:21:59.180" level="INFO">Clicking element 'xpath://input[@value='radio1']'.</msg>
<status status="PASS" starttime="20221022 20:21:59.179" endtime="20221022 20:22:05.261"/>
</kw>
<kw name="Close Browser" library="SeleniumLibrary">
<doc>Closes the current browser.</doc>
<status status="PASS" starttime="20221022 20:22:05.261" endtime="20221022 20:22:10.331"/>
</kw>
<status status="PASS" starttime="20221022 20:20:38.351" endtime="20221022 20:22:10.332"/>
</test>
<status status="PASS" starttime="20221022 20:20:38.086" endtime="20221022 20:22:10.334"/>
</suite>
<statistics>
<total>
<stat pass="1" fail="0" skip="0">All Tests</stat>
</total>
<tag>
</tag>
<suite>
<stat pass="1" fail="0" skip="0" id="s1" name="TC1">TC1</stat>
</suite>
</statistics>
<errors>
</errors>
</robot>
