<?xml version="1.0" encoding="UTF-8"?>
<robot generator="Robot 4.1.3 (Python 3.9.13 on win32)" generated="20230116 11:42:39.026" rpa="false" schemaversion="2">
<suite id="s1" name="Robot frm" source="D:\demo\python\Robot_frm">
<suite id="s1-s1" name="TC Post Method" source="D:\demo\python\Robot_frm\TC_Post_Method.robot">
<test id="s1-s1-t1" name="TC_for_postmethod">
<kw name="Create Session" library="RequestsLibrary">
<arg>mysession</arg>
<arg>${base_url}</arg>
<arg>disable_warning=1</arg>
<doc>Create Session: create a HTTP session to a server</doc>
<msg timestamp="20230116 11:42:39.108" level="INFO">Creating Session using : alias=mysession, url== https://reqres.in, headers=disable_warning=1,                     cookies={}, auth=None, timeout=None, proxies=None, verify=False,                     debug=0 </msg>
<msg timestamp="20230116 11:42:39.111" level="FAIL">ValueError: not enough values to unpack (expected 2, got 1)</msg>
<status status="FAIL" starttime="20230116 11:42:39.107" endtime="20230116 11:42:39.111"/>
</kw>
<kw name="Set Variable" library="BuiltIn">
<var>${endpoint}</var>
<arg>/api/users</arg>
<doc>Returns the given values which can then be assigned to a variables.</doc>
<status status="NOT RUN" starttime="20230116 11:42:39.112" endtime="20230116 11:42:39.112"/>
</kw>
<kw name="Create Dictionary" library="BuiltIn">
<var>${body}</var>
<arg>name=sankar job=QA Engineer</arg>
<doc>Creates and returns a dictionary based on the given ``items``.</doc>
<status status="NOT RUN" starttime="20230116 11:42:39.112" endtime="20230116 11:42:39.112"/>
</kw>
<kw name="Post On Session" library="RequestsLibrary">
<var>${response}</var>
<arg>mysession</arg>
<arg>${endpoint}</arg>
<arg>data=${body}</arg>
<doc>Sends a POST request on a previously created HTTP Session.</doc>
<status status="NOT RUN" starttime="20230116 11:42:39.114" endtime="20230116 11:42:39.114"/>
</kw>
<kw name="Log To Console" library="BuiltIn">
<arg>${response.status_code}</arg>
<doc>Logs the given message to the console.</doc>
<status status="NOT RUN" starttime="20230116 11:42:39.114" endtime="20230116 11:42:39.114"/>
</kw>
<kw name="Log To Console" library="BuiltIn">
<arg>${response.contents}</arg>
<doc>Logs the given message to the console.</doc>
<status status="NOT RUN" starttime="20230116 11:42:39.115" endtime="20230116 11:42:39.115"/>
</kw>
<kw name="Convert To String" library="BuiltIn">
<var>${status_code}</var>
<arg>${response.status_code}</arg>
<doc>Converts the given item to a Unicode string.</doc>
<status status="NOT RUN" starttime="20230116 11:42:39.116" endtime="20230116 11:42:39.116"/>
</kw>
<kw name="Should Be Equal" library="BuiltIn">
<arg>${response.status_code} 201</arg>
<doc>Fails if the given objects are unequal.</doc>
<status status="NOT RUN" starttime="20230116 11:42:39.116" endtime="20230116 11:42:39.116"/>
</kw>
<status status="FAIL" starttime="20230116 11:42:39.107" endtime="20230116 11:42:39.116">ValueError: not enough values to unpack (expected 2, got 1)</status>
</test>
<status status="FAIL" starttime="20230116 11:42:39.045" endtime="20230116 11:42:39.117"/>
</suite>
<status status="FAIL" starttime="20230116 11:42:39.027" endtime="20230116 11:42:39.118"/>
</suite>
<statistics>
<total>
<stat pass="0" fail="1" skip="0">All Tests</stat>
</total>
<tag>
</tag>
<suite>
<stat pass="0" fail="1" skip="0" id="s1" name="Robot frm">Robot frm</stat>
<stat pass="0" fail="1" skip="0" id="s1-s1" name="TC Post Method">Robot frm.TC Post Method</stat>
</suite>
</statistics>
<errors>
</errors>
</robot>
